<?xml version="1.0" encoding="UTF-8"?>
<testsuite xmlns:xsi="http://www.w3.org/2001/XMLSchema-instance" xsi:noNamespaceSchemaLocation="https://maven.apache.org/surefire/maven-surefire-plugin/xsd/surefire-test-report.xsd" name="learn.tut.Web2Test" time="7.753" tests="3" errors="0" skipped="0" failures="0">
  <properties>
[...]
</properties>
  <testcase name="shouldCheckTheBox" classname="learn.tut.Web2Test" time="1.089"/>
  <testcase name="shouldClickButton" classname="learn.tut.Web2Test" time="0.46"/>
  <testcase name="shouldSearchWiki" classname="learn.tut.Web2Test" time="4.67"/>
</testsuite>